<?xml version="1.0" encoding="UTF-8"?>
<!-- Generated by org.testng.reporters.JUnitXMLReporter -->
<testsuite ignored="0" hostname="Faspay-Sysdev-AgusPriyono" failures="0" tests="2" name="Default test" time="18.382" errors="0" timestamp="2023-02-05T19:37:35 WIB">
  <testcase classname="io.cucumber.testng.AbstractTestNGCucumberTests" name="runScenario" time="12.914"/>
  <testcase classname="io.cucumber.testng.AbstractTestNGCucumberTests" name="runScenario" time="1.636"/>
</testsuite> <!-- Default test -->
