<?xml version="1.0" encoding="UTF-8"?>
<testng-results ignored="0" total="2" passed="2" failed="0" skipped="0">
  <reporter-output>
  </reporter-output>
  <suite started-at="2023-02-05T19:37:17 WIB" name="Default suite" finished-at="2023-02-05T19:37:35 WIB" duration-ms="18382">
    <groups>
      <group name="cucumber">
        <method signature="AbstractTestNGCucumberTests.runScenario(io.cucumber.testng.PickleWrapper,io.cucumber.testng.FeatureWrapper)[pri:0, instance:com.tia.cucumber.step_definitions.RunnerTest@6bd61f98]" name="runScenario" class="io.cucumber.testng.AbstractTestNGCucumberTests"/>
      </group> <!-- cucumber -->
    </groups>
    <test started-at="2023-02-05T19:37:17 WIB" name="Default test" finished-at="2023-02-05T19:37:35 WIB" duration-ms="18382">
      <class name="com.tia.cucumber.step_definitions.RunnerTest">
        <test-method is-config="true" signature="setUpClass(org.testng.ITestContext)[pri:0, instance:com.tia.cucumber.step_definitions.RunnerTest@6bd61f98]" started-at="2023-02-05T19:37:17 WIB" name="setUpClass" finished-at="2023-02-05T19:37:18 WIB" duration-ms="535" status="PASS">
          <params>
            <param index="0">
              <value>
                <![CDATA[org.testng.TestRunner@4d6ccc97]]>
              </value>
            </param>
          </params>
          <reporter-output>
          </reporter-output>
        </test-method> <!-- setUpClass -->
        <test-method signature="runScenario(io.cucumber.testng.PickleWrapper,io.cucumber.testng.FeatureWrapper)[pri:0, instance:com.tia.cucumber.step_definitions.RunnerTest@6bd61f98]" started-at="2023-02-05T19:37:18 WIB" name="runScenario" description="Runs Cucumber Scenarios" data-provider="scenarios" finished-at="2023-02-05T19:37:30 WIB" duration-ms="12914" status="PASS">
          <params>
            <param index="0">
              <value>
                <![CDATA["User valid login"]]>
              </value>
            </param>
            <param index="1">
              <value>
                <![CDATA["Login User"]]>
              </value>
            </param>
          </params>
          <reporter-output>
          </reporter-output>
        </test-method> <!-- runScenario -->
        <test-method signature="runScenario(io.cucumber.testng.PickleWrapper,io.cucumber.testng.FeatureWrapper)[pri:0, instance:com.tia.cucumber.step_definitions.RunnerTest@6bd61f98]" started-at="2023-02-05T19:37:30 WIB" name="runScenario" description="Runs Cucumber Scenarios" data-provider="scenarios" finished-at="2023-02-05T19:37:32 WIB" duration-ms="1636" status="PASS">
          <params>
            <param index="0">
              <value>
                <![CDATA["User on Dashboard"]]>
              </value>
            </param>
            <param index="1">
              <value>
                <![CDATA["User Dashboard"]]>
              </value>
            </param>
          </params>
          <reporter-output>
          </reporter-output>
        </test-method> <!-- runScenario -->
        <test-method is-config="true" signature="tearDownClass()[pri:0, instance:com.tia.cucumber.step_definitions.RunnerTest@6bd61f98]" started-at="2023-02-05T19:37:32 WIB" name="tearDownClass" finished-at="2023-02-05T19:37:35 WIB" duration-ms="3249" status="PASS">
          <reporter-output>
          </reporter-output>
        </test-method> <!-- tearDownClass -->
      </class> <!-- com.tia.cucumber.step_definitions.RunnerTest -->
    </test> <!-- Default test -->
  </suite> <!-- Default suite -->
</testng-results>
