<?xml version="1.0" encoding="UTF-8"?>
<!-- Generated by org.testng.reporters.JUnitReportReporter -->
<testsuite hostname="Faspay-Sysdev-AgusPriyono" failures="0" tests="1" name="com.tia.cucumber.order.RunnerTest" time="1.344" errors="1" timestamp="2023-01-27T15:45:02 WIB" skipped="0">
  <testcase classname="com.tia.cucumber.order.RunnerTest" name="runScenario" time="1.344">
    <error message="Cannot invoke &quot;org.openqa.selenium.WebDriver.get(String)&quot; because &quot;com.tia.cucumber.order.TestOrder.driver&quot; is null" type="java.lang.NullPointerException">
      <![CDATA[java.lang.NullPointerException: Cannot invoke "org.openqa.selenium.WebDriver.get(String)" because "com.tia.cucumber.order.TestOrder.driver" is null
at com.tia.cucumber.order.TestOrder.user_go_to_Web_shop(TestOrder.java:22)
at ✽.User go to Web shop(file:///C:/Users/agus.priyono/eclipse-workspace/cucumber-java/src/main/resources/features/02-Order.feature:4)
]]>
    </error>
  </testcase> <!-- runScenario -->
  <system-out/>
</testsuite> <!-- com.tia.cucumber.order.RunnerTest -->
